<?xml version="1.0" encoding="UTF-8"?>
<!-- Generated by org.testng.reporters.JUnitXMLReporter -->
<testsuite hostname="DESKTOP-Q6RS37F" ignored="0" name="Command line test" tests="3" failures="0" timestamp="20 Feb 2019 14:52:03 GMT" time="32.05" errors="0">
  <testcase name="verifyHomepageTitle" time="4.762" classname="tuto.eclipse.jal.selenium.ng.TestBookingNG"/>
  <testcase name="testBooking1" time="1.748" classname="tuto.eclipse.testCases.TestBookingJAL1"/>
  <testcase name="verifyWeFindFlights" time="14.963" classname="tuto.eclipse.jal.selenium.ng.TestBookingNG"/>
</testsuite> <!-- Command line test -->
