<?xml version="1.0" encoding="UTF-8"?>
<testng-results skipped="0" failed="0" ignored="0" total="3" passed="3">
  <reporter-output>
  </reporter-output>
  <suite name="Command line suite" duration-ms="32050" started-at="2019-02-20T14:51:31Z" finished-at="2019-02-20T14:52:03Z">
    <groups>
    </groups>
    <test name="Command line test" duration-ms="32050" started-at="2019-02-20T14:51:31Z" finished-at="2019-02-20T14:52:03Z">
      <class name="tuto.eclipse.jal.selenium.ng.TestBookingNG">
        <test-method status="PASS" signature="loadTheDriver()[pri:0, instance:tuto.eclipse.jal.selenium.ng.TestBookingNG@1613674b]" name="loadTheDriver" is-config="true" duration-ms="3432" started-at="2019-02-20T14:51:31Z" finished-at="2019-02-20T14:51:34Z">
          <reporter-output>
          </reporter-output>
        </test-method> <!-- loadTheDriver -->
        <test-method status="PASS" signature="verifyHomepageTitle()[pri:0, instance:tuto.eclipse.jal.selenium.ng.TestBookingNG@1613674b]" name="verifyHomepageTitle" duration-ms="4762" started-at="2019-02-20T14:51:34Z" finished-at="2019-02-20T14:51:39Z">
          <reporter-output>
          </reporter-output>
        </test-method> <!-- verifyHomepageTitle -->
        <test-method status="PASS" signature="verifyWeFindFlights()[pri:1, instance:tuto.eclipse.jal.selenium.ng.TestBookingNG@1613674b]" name="verifyWeFindFlights" duration-ms="14963" started-at="2019-02-20T14:51:41Z" finished-at="2019-02-20T14:51:55Z">
          <reporter-output>
          </reporter-output>
        </test-method> <!-- verifyWeFindFlights -->
        <test-method status="PASS" signature="closeTheDriver()[pri:0, instance:tuto.eclipse.jal.selenium.ng.TestBookingNG@1613674b]" name="closeTheDriver" is-config="true" duration-ms="7114" started-at="2019-02-20T14:51:55Z" finished-at="2019-02-20T14:52:03Z">
          <reporter-output>
          </reporter-output>
        </test-method> <!-- closeTheDriver -->
      </class> <!-- tuto.eclipse.jal.selenium.ng.TestBookingNG -->
      <class name="tuto.eclipse.testCases.TestBookingJAL1">
        <test-method status="PASS" signature="testBooking1()[pri:0, instance:tuto.eclipse.testCases.TestBookingJAL1@27ff5d15]" name="testBooking1" duration-ms="1748" started-at="2019-02-20T14:51:39Z" finished-at="2019-02-20T14:51:41Z">
          <reporter-output>
          </reporter-output>
        </test-method> <!-- testBooking1 -->
      </class> <!-- tuto.eclipse.testCases.TestBookingJAL1 -->
    </test> <!-- Command line test -->
  </suite> <!-- Command line suite -->
</testng-results>
