<?xml version="1.0" encoding="UTF-8"?>
<testng-results ignored="0" total="1" passed="1" failed="0" skipped="0">
  <reporter-output>
  </reporter-output>
  <suite started-at="2019-06-04T09:59:58Z" name="Default suite" finished-at="2019-06-04T10:00:12Z" duration-ms="13813">
    <groups>
    </groups>
    <test started-at="2019-06-04T09:59:58Z" name="Default test" finished-at="2019-06-04T10:00:12Z" duration-ms="13813">
      <class name="tuto.eclipse.testCases.TestBookingJAL1">
        <test-method signature="testBooking1()[pri:0, instance:tuto.eclipse.testCases.TestBookingJAL1@6e6d5d29]" started-at="2019-06-04T09:59:58Z" name="testBooking1" finished-at="2019-06-04T10:00:12Z" duration-ms="13632" status="PASS">
          <reporter-output>
          </reporter-output>
        </test-method> <!-- testBooking1 -->
      </class> <!-- tuto.eclipse.testCases.TestBookingJAL1 -->
    </test> <!-- Default test -->
  </suite> <!-- Default suite -->
</testng-results>
